<?xml version="1.0" encoding="UTF-8"?>
<!-- Generated by org.testng.reporters.JUnitReportReporter -->
<testsuite hostname="SyedMahammeds-MacBook-Air.local" failures="0" tests="1" name="api.test.testCreateUser" time="1.941" errors="0" timestamp="2024-06-26T22:29:19 IST" skipped="0">
  <testcase classname="api.test.testCreateUser" name="createSingleTestUser" time="1.941"/>
</testsuite> <!-- api.test.testCreateUser -->
